This is pdfTeX, Version 3.141592653-2.6-1.40.25 (TeX Live 2023) (preloaded format=pdflatex 2026.2.6)  6 FEB 2026 13:19
entering extended mode
 restricted \write18 enabled.
 %&-line parsing enabled.
**Tura_dokumentacja.tex
(./Tura_dokumentacja.TeX
LaTeX2e <2022-11-01> patch level 1
L3 programming layer <2023-02-22>
(/usr/share/texlive/texmf-dist/tex/latex/extsizes/extarticle.cls
Document Class: extarticle 1996/10/08 v1.0 Non Standard LaTeX document class
(/usr/share/texlive/texmf-dist/tex/latex/extsizes/size14.clo
File: size14.clo 1999/11/11 v1.4a NON-Standard LaTeX file (size option)
)
(/usr/share/texlive/texmf-dist/tex/latex/base/exscale.sty
Package: exscale 2018/09/24 v2.1i Standard LaTeX package exscale
LaTeX Font Info:    Redeclaring symbol font `largesymbols' on input line 57.
LaTeX Font Info:    Overwriting symbol font `largesymbols' in version `normal'
(Font)                  OMX/cmex/m/n --> OMX/cmex/m/n on input line 57.
LaTeX Font Info:    Overwriting symbol font `largesymbols' in version `bold'
(Font)                  OMX/cmex/m/n --> OMX/cmex/m/n on input line 57.
\big@size=\dimen140
)
\c@part=\count185
\c@section=\count186
\c@subsection=\count187
\c@subsubsection=\count188
\c@paragraph=\count189
\c@subparagraph=\count190
\c@figure=\count191
\c@table=\count192
\abovecaptionskip=\skip48
\belowcaptionskip=\skip49
\bibindent=\dimen141
)
(/usr/share/texlive/texmf-dist/tex/latex/base/inputenc.sty
Package: inputenc 2021/02/14 v1.3d Input encoding file
\inpenc@prehook=\toks16
\inpenc@posthook=\toks17
)
(/usr/share/texlive/texmf-dist/tex/latex/base/fontenc.sty
Package: fontenc 2021/04/29 v2.0v Standard LaTeX package
)
(/usr/share/texlive/texmf-dist/tex/generic/babel/babel.sty
Package: babel 2023/02/13 3.86 The Babel package
\babel@savecnt=\count193
\U@D=\dimen142
\l@unhyphenated=\language3

(/usr/share/texlive/texmf-dist/tex/generic/babel/txtbabel.def)
\bbl@readstream=\read2
\bbl@dirlevel=\count194

(/usr/share/texlive/texmf-dist/tex/generic/babel-polish/polish.ldf
Language: polish 2022/03/12 1.3 Babel support for Polish


Package babel Warning: No hyphenation patterns were preloaded for
(babel)                the language 'Polish' into the format.
(babel)                Please, configure your TeX system to add them and
(babel)                rebuild the format. Now I will use the patterns
(babel)                preloaded for \language=0 instead on input line 40.

Package babel Info: Making " an active character on input line 101.
)) (/usr/share/texlive/texmf-dist/tex/generic/babel/locale/pl/babel-polish.tex
Package babel Info: Importing font and identification data for polish
(babel)             from babel-pl.ini. Reported on input line 11.
) (/usr/share/texlive/texmf-dist/tex/latex/tabularray/tabularray.sty
(/usr/share/texlive/texmf-dist/tex/latex/l3kernel/expl3.sty
Package: expl3 2023-02-22 L3 programming layer (loader) 

(/usr/share/texlive/texmf-dist/tex/latex/l3backend/l3backend-pdftex.def
File: l3backend-pdftex.def 2023-01-16 L3 backend support: PDF output (pdfTeX)
\l__color_backend_stack_int=\count195
\l__pdf_internal_box=\box51
))
Package: tabularray 2023-03-01 v2023A Typeset tabulars and arrays with LaTeX3
\l__tblr_a_int=\count196
\l__tblr_c_int=\count197
\l__tblr_r_int=\count198
\l__tblr_d_dim=\dimen143
\l__tblr_h_dim=\dimen144
\l__tblr_o_dim=\dimen145
\l__tblr_p_dim=\dimen146
\l__tblr_q_dim=\dimen147
\l__tblr_r_dim=\dimen148
\l__tblr_s_dim=\dimen149
\l__tblr_t_dim=\dimen150
\l__tblr_v_dim=\dimen151
\l__tblr_w_dim=\dimen152
\l__tblr_a_box=\box52
\l__tblr_b_box=\box53
\l__tblr_c_box=\box54
\l__tblr_d_box=\box55
\g__tblr_table_count_int=\count199
\c@rownum=\count266
\c@colnum=\count267
\c@rowcount=\count268
\c@colcount=\count269
\abovesep=\dimen153
\belowsep=\dimen154
\leftsep=\dimen155
\rightsep=\dimen156
\g_tblr_level_int=\count270
\g__tblr_data_row_key_count_int=\count271
\g__tblr_data_column_key_count_int=\count272
\g__tblr_data_cell_key_count_int=\count273
\g__tblr_array_int=\count274
\l__tblr_key_count_int=\count275
\l__tblr_key_quotient_int=\count276
\l__tblr_key_quotient_two_int=\count277
\l__tblr_key_remainder_int=\count278
\g__tblr_data_str_value_count_int=\count279
\rulewidth=\dimen157
\l__tblr_strut_dp_dim=\dimen158
\l__tblr_strut_ht_dim=\dimen159
\g__tblr_cell_wd_dim=\dimen160
\g__tblr_cell_ht_dim=\dimen161
\g__tblr_cell_head_dim=\dimen162
\g__tblr_cell_foot_dim=\dimen163
\l__column_target_dim=\dimen164
\l__tblr_caption_box=\box56
\l__tblr_caption_left_box=\box57
\l__tblr_row_head_box=\box58
\l__tblr_row_foot_box=\box59
\l__tblr_row_head_foot_dim=\dimen165
\tablewidth=\dimen166
\l__tblr_table_firsthead_box=\box60
\l__tblr_table_middlehead_box=\box61
\l__tblr_table_lasthead_box=\box62
\l__tblr_table_firstfoot_box=\box63
\l__tblr_table_middlefoot_box=\box64
\l__tblr_table_lastfoot_box=\box65
\l__tblr_remain_height_dim=\dimen167
\l__tblr_long_from_int=\count280
\l__tblr_long_to_int=\count281
\l__tblr_curr_i_int=\count282
\l__tblr_prev_i_int=\count283
\l__tblr_table_page_int=\count284
\l__tblr_table_head_box=\box66
\l__tblr_table_foot_box=\box67
\l__tblr_table_head_foot_dim=\dimen168
\l__tblr_table_head_body_foot_dim=\dimen169
\l__tblr_table_box=\box68
\l__tblr_table_hlines_box=\box69
\l__tblr_hline_box=\box70
\l__tblr_row_box=\box71
\l__tblr_col_o_wd_dim=\dimen170
\l__tblr_col_b_wd_dim=\dimen171
\l__tblr_hline_leftskip_dim=\dimen172
\l__tblr_hline_rightskip_dim=\dimen173
\l__tblr_row_ht_dim=\dimen174
\l__tblr_row_dp_dim=\dimen175
\l__tblr_row_abovesep_dim=\dimen176
\l__tblr_row_belowsep_dim=\dimen177
\l__tblr_row_vlines_box=\box72
\l__tblr_vline_box=\box73
\l__tblr_cell_box=\box74
\l__row_upper_dim=\dimen178
\l__row_lower_dim=\dimen179
\l__row_vpace_dim=\dimen180
\l__tblr_vline_aboveskip_dim=\dimen181
\l__tblr_vline_belowskip_dim=\dimen182
\l__tblr_cell_wd_dim=\dimen183
\l__tblr_cell_ht_dim=\dimen184
\l__tblr_diag_box=\box75
)
(/usr/share/texlive/texmf-dist/tex/latex/graphics/graphicx.sty
Package: graphicx 2021/09/16 v1.2d Enhanced LaTeX Graphics (DPC,SPQR)

(/usr/share/texlive/texmf-dist/tex/latex/graphics/keyval.sty
Package: keyval 2022/05/29 v1.15 key=value parser (DPC)
\KV@toks@=\toks18
)
(/usr/share/texlive/texmf-dist/tex/latex/graphics/graphics.sty
Package: graphics 2022/03/10 v1.4e Standard LaTeX Graphics (DPC,SPQR)

(/usr/share/texlive/texmf-dist/tex/latex/graphics/trig.sty
Package: trig 2021/08/11 v1.11 sin cos tan (DPC)
)
(/usr/share/texlive/texmf-dist/tex/latex/graphics-cfg/graphics.cfg
File: graphics.cfg 2016/06/04 v1.11 sample graphics configuration
)
Package graphics Info: Driver file: pdftex.def on input line 107.

(/usr/share/texlive/texmf-dist/tex/latex/graphics-def/pdftex.def
File: pdftex.def 2022/09/22 v1.2b Graphics/color driver for pdftex
))
\Gin@req@height=\dimen185
\Gin@req@width=\dimen186
)
(./Tura_dokumentacja.aux)
\openout1 = `Tura_dokumentacja.aux'.

LaTeX Font Info:    Checking defaults for OML/cmm/m/it on input line 14.
LaTeX Font Info:    ... okay on input line 14.
LaTeX Font Info:    Checking defaults for OMS/cmsy/m/n on input line 14.
LaTeX Font Info:    ... okay on input line 14.
LaTeX Font Info:    Checking defaults for OT1/cmr/m/n on input line 14.
LaTeX Font Info:    ... okay on input line 14.
LaTeX Font Info:    Checking defaults for T1/cmr/m/n on input line 14.
LaTeX Font Info:    ... okay on input line 14.
LaTeX Font Info:    Checking defaults for TS1/cmr/m/n on input line 14.
LaTeX Font Info:    ... okay on input line 14.
LaTeX Font Info:    Checking defaults for OMX/cmex/m/n on input line 14.
LaTeX Font Info:    ... okay on input line 14.
LaTeX Font Info:    Checking defaults for U/cmr/m/n on input line 14.
LaTeX Font Info:    ... okay on input line 14.

(/usr/share/texlive/texmf-dist/tex/context/base/mkii/supp-pdf.mkii
[Loading MPS to PDF converter (version 2006.09.02).]
\scratchcounter=\count285
\scratchdimen=\dimen187
\scratchbox=\box76
\nofMPsegments=\count286
\nofMParguments=\count287
\everyMPshowfont=\toks19
\MPscratchCnt=\count288
\MPscratchDim=\dimen188
\MPnumerator=\count289
\makeMPintoPDFobject=\count290
\everyMPtoPDFconversion=\toks20
) (/usr/share/texlive/texmf-dist/tex/latex/epstopdf-pkg/epstopdf-base.sty
Package: epstopdf-base 2020-01-24 v2.11 Base part for package epstopdf
Package epstopdf-base Info: Redefining graphics rule for `.eps' on input line 4
85.

(/usr/share/texlive/texmf-dist/tex/latex/latexconfig/epstopdf-sys.cfg
File: epstopdf-sys.cfg 2010/07/13 v1.3 Configuration of (r)epstopdf for TeX Liv
e
))
(./Tura_dokumentacja.toc
LaTeX Font Info:    External font `cmex7' loaded for size
(Font)              <7> on input line 5.
)
\tf@toc=\write3
\openout3 = `Tura_dokumentacja.toc'.

 [1

{/var/lib/texmf/fonts/map/pdftex/updmap/pdftex.map}{/usr/share/texlive/texmf-di
st/fonts/enc/dvips/cm-super/cm-super-t1.enc}]
[2{/usr/share/texlive/texmf-dist/fonts/enc/dvips/cm-super/cm-super-ts1.enc}]
[3] [4]
LaTeX Font Info:    Trying to load font information for T1+cmtt on input line 6
9.
 (/usr/share/texlive/texmf-dist/tex/latex/base/t1cmtt.fd
File: t1cmtt.fd 2022/07/10 v2.5l Standard LaTeX font definitions
)
LaTeX Font Info:    Font shape `T1/cmtt/bx/n' in size <14.4> not available
(Font)              Font shape `T1/cmtt/m/n' tried instead on input line 69.
 [5] [6]
LaTeX Font Info:    Font shape `T1/cmtt/bx/n' in size <10> not available
(Font)              Font shape `T1/cmtt/m/n' tried instead on input line 88.

[7] [8]
> Step: init table outer spec.
> Step: parse table options.
> Step: split table.
> Step: init table inner spec.
> Step: parse table inner spec.
> Step: execute table commands.
> Step: calculate cell and line sizes.
> Step: build the whole table.
 [9] [10]
> Step: init table outer spec.
> Step: parse table options.
> Step: split table.
> Step: init table inner spec.
> Step: parse table inner spec.
> Step: execute table commands.
> Step: calculate cell and line sizes.
> Step: build the whole table.
 [11] (./Tura_dokumentacja.aux) ) 
Here is how much of TeX's memory you used:
 4821 strings out of 477985
 103587 string characters out of 5839381
 1885388 words of memory out of 6000000
 25012 multiletter control sequences out of 15000+600000
 525111 words of font info for 61 fonts, out of 8000000 for 9000
 14 hyphenation exceptions out of 8191
 58i,13n,100p,1217b,874s stack positions out of 10000i,1000n,20000p,200000b,200000s
</usr/share/texlive/texmf-dist/fonts/type1/pub
lic/amsfonts/cm/cmmi10.pfb></usr/share/texlive/texmf-dist/fonts/type1/public/am
sfonts/cm/cmmi12.pfb></usr/share/texlive/texmf-dist/fonts/type1/public/amsfonts
/cm/cmr10.pfb></usr/share/texlive/texmf-dist/fonts/type1/public/amsfonts/cm/cmr
12.pfb></usr/share/texlive/texmf-dist/fonts/type1/public/amsfonts/cm/cmsy10.pfb
></usr/share/texlive/texmf-dist/fonts/type1/public/cm-super/sfbx1440.pfb></usr/
share/texlive/texmf-dist/fonts/type1/public/cm-super/sfbx1728.pfb></usr/share/t
exlive/texmf-dist/fonts/type1/public/cm-super/sfbx2074.pfb></usr/share/texlive/
texmf-dist/fonts/type1/public/cm-super/sfrm1440.pfb></usr/share/texlive/texmf-d
ist/fonts/type1/public/cm-super/sfrm1728.pfb></usr/share/texlive/texmf-dist/fon
ts/type1/public/cm-super/sfrm2488.pfb></usr/share/texlive/texmf-dist/fonts/type
1/public/cm-super/sftt1000.pfb></usr/share/texlive/texmf-dist/fonts/type1/publi
c/cm-super/sftt1440.pfb>
Output written on Tura_dokumentacja.pdf (11 pages, 207077 bytes).
PDF statistics:
 110 PDF objects out of 1000 (max. 8388607)
 69 compressed objects within 1 object stream
 0 named destinations out of 1000 (max. 500000)
 1 words of extra memory for PDF output out of 10000 (max. 10000000)

